Using pre-set license
Built from '2020.3/staging' branch; Version is '2020.3.22f1 (e1a7f79fd887) revision 14788599'; Using compiler version '192528614'; Build Type 'Release'
OS: 'Windows 10 Pro; OS build 19043.1387; Version 2009; 64bit' Language: 'fr' Physical Memory: 32495 MB
BatchMode: 1, IsHumanControllingUs: 0, StartBugReporterOnCrash: 0, Is64bit: 1, IsPro: 0

COMMAND LINE ARGUMENTS:
C:\Program Files\Unity\Hub\Editor\2020.3.22f1\Editor\Unity.exe
-adb2
-batchMode
-noUpm
-name
AssetImportWorker1
-projectPath
C:/Users/game2/Documents/GitHub/Canal-du-Midi
-logFile
Logs/AssetImportWorker1.log
-srvPort
51466
Successfully changed project path to: C:/Users/game2/Documents/GitHub/Canal-du-Midi
C:/Users/game2/Documents/GitHub/Canal-du-Midi
Using Asset Import Pipeline V2.
Refreshing native plugins compatible for Editor in 32.83 ms, found 2 plugins.
Preloading 0 native plugins for Editor in 0.00 ms.
Initialize engine version: 2020.3.22f1 (e1a7f79fd887)
[Subsystems] Discovering subsystems at path C:/Program Files/Unity/Hub/Editor/2020.3.22f1/Editor/Data/Resources/UnitySubsystems
[Subsystems] Discovering subsystems at path C:/Users/game2/Documents/GitHub/Canal-du-Midi/Assets
GfxDevice: creating device client; threaded=0
Direct3D:
    Version:  Direct3D 11.0 [level 11.1]
    Renderer: NVIDIA Quadro RTX 4000 (ID=0x1eb1)
    Vendor:   
    VRAM:     8018 MB
    Driver:   30.0.14.7212
Initialize mono
Mono path[0] = 'C:/Program Files/Unity/Hub/Editor/2020.3.22f1/Editor/Data/Managed'
Mono path[1] = 'C:/Program Files/Unity/Hub/Editor/2020.3.22f1/Editor/Data/MonoBleedingEdge/lib/mono/unityjit'
Mono config path = 'C:/Program Files/Unity/Hub/Editor/2020.3.22f1/Editor/Data/MonoBleedingEdge/etc'
Using monoOptions --debugger-agent=transport=dt_socket,embedding=1,server=y,suspend=n,address=127.0.0.1:56384
Begin MonoManager ReloadAssembly
Registering precompiled unity dll's ...
Register platform support module: C:/Program Files/Unity/Hub/Editor/2020.3.22f1/Editor/Data/PlaybackEngines/WindowsStandaloneSupport/UnityEditor.WindowsStandalone.Extensions.dll
Registered in 0.004657 seconds.
Native extension for WindowsStandalone target not found
Refreshing native plugins compatible for Editor in 38.60 ms, found 2 plugins.
Preloading 0 native plugins for Editor in 0.00 ms.
Mono: successfully reloaded assembly
- Completed reload, in  2.120 seconds
Domain Reload Profiling:
	ReloadAssembly (2120ms)
		BeginReloadAssembly (54ms)
			ExecutionOrderSort (0ms)
			DisableScriptedObjects (0ms)
			BackupInstance (0ms)
			ReleaseScriptingObjects (0ms)
			CreateAndSetChildDomain (1ms)
		EndReloadAssembly (509ms)
			LoadAssemblies (53ms)
			RebuildTransferFunctionScriptingTraits (0ms)
			SetupTypeCache (179ms)
			ReleaseScriptCaches (0ms)
			RebuildScriptCaches (33ms)
			SetupLoadedEditorAssemblies (176ms)
				LogAssemblyErrors (0ms)
				InitializePlatformSupportModulesInManaged (5ms)
				SetLoadedEditorAssemblies (0ms)
				RefreshPlugins (39ms)
				BeforeProcessingInitializeOnLoad (17ms)
				ProcessInitializeOnLoadAttributes (82ms)
				ProcessInitializeOnLoadMethodAttributes (34ms)
				AfterProcessingInitializeOnLoad (0ms)
				EditorAssembliesLoaded (0ms)
			ExecutionOrderSort2 (0ms)
			AwakeInstancesAfterBackupRestoration (0ms)
Platform modules already initialized, skipping
Registering precompiled user dll's ...
Registered in 0.004394 seconds.
Begin MonoManager ReloadAssembly
Native extension for WindowsStandalone target not found
Refreshing native plugins compatible for Editor in 0.42 ms, found 2 plugins.
Preloading 0 native plugins for Editor in 0.00 ms.
Mono: successfully reloaded assembly
- Completed reload, in  1.139 seconds
Domain Reload Profiling:
	ReloadAssembly (1140ms)
		BeginReloadAssembly (173ms)
			ExecutionOrderSort (0ms)
			DisableScriptedObjects (6ms)
			BackupInstance (0ms)
			ReleaseScriptingObjects (0ms)
			CreateAndSetChildDomain (28ms)
		EndReloadAssembly (899ms)
			LoadAssemblies (98ms)
			RebuildTransferFunctionScriptingTraits (0ms)
			SetupTypeCache (316ms)
			ReleaseScriptCaches (0ms)
			RebuildScriptCaches (49ms)
			SetupLoadedEditorAssemblies (338ms)
				LogAssemblyErrors (0ms)
				InitializePlatformSupportModulesInManaged (8ms)
				SetLoadedEditorAssemblies (1ms)
				RefreshPlugins (0ms)
				BeforeProcessingInitializeOnLoad (90ms)
				ProcessInitializeOnLoadAttributes (224ms)
				ProcessInitializeOnLoadMethodAttributes (9ms)
				AfterProcessingInitializeOnLoad (6ms)
				EditorAssembliesLoaded (0ms)
			ExecutionOrderSort2 (0ms)
			AwakeInstancesAfterBackupRestoration (6ms)
Platform modules already initialized, skipping
========================================================================
Worker process is ready to serve import requests
Launched and connected shader compiler UnityShaderCompiler.exe after 0.05 seconds
Refreshing native plugins compatible for Editor in 0.39 ms, found 2 plugins.
Preloading 0 native plugins for Editor in 0.00 ms.
Unloading 1515 Unused Serialized files (Serialized files now loaded: 0)
System memory in use before: 82.9 MB.
System memory in use after: 83.0 MB.

Unloading 19 unused Assets to reduce memory usage. Loaded Objects now: 1961.
Total: 3.325500 ms (FindLiveObjects: 0.236800 ms CreateObjectMapping: 0.088800 ms MarkObjects: 2.913000 ms  DeleteObjects: 0.085300 ms)

AssetImportParameters requested are different than current active one (requested -> active):
  custom:framework-win-MediaFoundation: 216162199b28c13a410421893ffa2e32 -> 
  custom:video-decoder-ogg-theora: a1e56fd34408186e4bbccfd4996cb3dc -> 
  custom:container-muxer-webm: aa71ff27fc2769a1b78a27578f13a17b -> 
  custom:container-demuxer-webm: 4f35f7cbe854078d1ac9338744f61a02 -> 
  custom:container-demuxer-ogg: 62fdf1f143b41e24485cea50d1cbac27 -> 
  custom:video-encoder-webm-vp8: eb34c28f22e8b96e1ab97ce403110664 -> 
  custom:video-decoder-webm-vp8: 9c59270c3fd7afecdb556c50c9e8de78 -> 
  custom:audio-decoder-ogg-vorbis: bf7c407c2cedff20999df2af8eb42d56 -> 
  custom:audio-encoder-webm-vorbis: bf7c407c2cedff20999df2af8eb42d56 -> 
========================================================================
Received Import Request.
  path: Assets/FBX/tuileHPCourbe.fbx
  artifactKey: Guid(fefbdf0420ef52849b59bfc7e59c5f5d) Importer(815301076,1909f56bfc062723c751e8b465ee728b)
Start importing Assets/FBX/tuileHPCourbe.fbx using Guid(fefbdf0420ef52849b59bfc7e59c5f5d) Importer(815301076,1909f56bfc062723c751e8b465ee728b)  -> (artifact id: 'f2a62d89287301fa095357776f84a158') in 0.122572 seconds 
  Import took 0.125545 seconds .

========================================================================
Received Import Request.
  Time since last request: 0.000272 seconds.
  path: Assets/FBX
  artifactKey: Guid(7a56d19d02df33741a51235b5bd7ba18) Importer(815301076,1909f56bfc062723c751e8b465ee728b)
Start importing Assets/FBX using Guid(7a56d19d02df33741a51235b5bd7ba18) Importer(815301076,1909f56bfc062723c751e8b465ee728b)  -> (artifact id: '4d11a0a077218f08b7c9611c8bb40841') in 0.003807 seconds 
  Import took 0.006757 seconds .

========================================================================
Received Import Request.
  Time since last request: 42.956891 seconds.
  path: Assets/FBX/tuileHPEnT.fbx
  artifactKey: Guid(c41dd2834e7e4334f9226daa395cccf8) Importer(815301076,1909f56bfc062723c751e8b465ee728b)
Start importing Assets/FBX/tuileHPEnT.fbx using Guid(c41dd2834e7e4334f9226daa395cccf8) Importer(815301076,1909f56bfc062723c751e8b465ee728b)  -> (artifact id: '7572c5d9cb5b81fcdea90531e4f3e5b1') in 0.026415 seconds 
  Import took 0.031837 seconds .

========================================================================
Received Import Request.
  Time since last request: 0.000275 seconds.
  path: Assets/FBX/tuileHPEnX.fbx
  artifactKey: Guid(54c4fe2f939b48940b8455ce5aeaf95b) Importer(815301076,1909f56bfc062723c751e8b465ee728b)
Start importing Assets/FBX/tuileHPEnX.fbx using Guid(54c4fe2f939b48940b8455ce5aeaf95b) Importer(815301076,1909f56bfc062723c751e8b465ee728b)  -> (artifact id: 'dca0aab052d8b5c20b0bade6b62b3b44') in 0.029501 seconds 
  Import took 0.033598 seconds .

========================================================================
Received Import Request.
  Time since last request: 38.325948 seconds.
  path: Assets/Scenes/Level 1.unity
  artifactKey: Guid(9fc0d4010bbf28b4594072e72b8655ab) Importer(815301076,1909f56bfc062723c751e8b465ee728b)
Start importing Assets/Scenes/Level 1.unity using Guid(9fc0d4010bbf28b4594072e72b8655ab) Importer(815301076,1909f56bfc062723c751e8b465ee728b)  -> (artifact id: '7b0bade9078c0bcb81e6714c2184409a') in 0.004641 seconds 
  Import took 0.008156 seconds .

========================================================================
Received Import Request.
  Time since last request: 11.846758 seconds.
  path: Assets/Prefab
  artifactKey: Guid(72e66c342fcc87f4d9262cab711cc7bc) Importer(815301076,1909f56bfc062723c751e8b465ee728b)
Start importing Assets/Prefab using Guid(72e66c342fcc87f4d9262cab711cc7bc) Importer(815301076,1909f56bfc062723c751e8b465ee728b)  -> (artifact id: 'ede2d18c1742b84d404120b552edc7e5') in 0.006542 seconds 
  Import took 0.010396 seconds .

========================================================================
Received Import Request.
  Time since last request: 5.151395 seconds.
  path: Assets/Prefab/Tuiles
  artifactKey: Guid(3548f125fb31b5e43a3e6f7f4ad82771) Importer(815301076,1909f56bfc062723c751e8b465ee728b)
Start importing Assets/Prefab/Tuiles using Guid(3548f125fb31b5e43a3e6f7f4ad82771) Importer(815301076,1909f56bfc062723c751e8b465ee728b)  -> (artifact id: 'a3ff0a0045bd85f05433795666d3ae50') in 0.004665 seconds 
  Import took 0.007903 seconds .

========================================================================
Received Import Request.
  Time since last request: 11.519201 seconds.
  path: Assets/Prefab/Tuiles/COrrect
  artifactKey: Guid(721d5fa32b8160844940780c6cafc8d4) Importer(815301076,1909f56bfc062723c751e8b465ee728b)
Start importing Assets/Prefab/Tuiles/COrrect using Guid(721d5fa32b8160844940780c6cafc8d4) Importer(815301076,1909f56bfc062723c751e8b465ee728b)  -> (artifact id: '1b9d024410ae5f3ab2a05e657714a9f9') in 0.004466 seconds 
  Import took 0.008765 seconds .

========================================================================
Received Import Request.
  Time since last request: 6.009810 seconds.
  path: Assets/Prefab/Tuiles/Lambda
  artifactKey: Guid(04d64527f3207ec4995e0fdce107f43c) Importer(815301076,1909f56bfc062723c751e8b465ee728b)
Start importing Assets/Prefab/Tuiles/Lambda using Guid(04d64527f3207ec4995e0fdce107f43c) Importer(815301076,1909f56bfc062723c751e8b465ee728b)  -> (artifact id: '6f37053431dd5be1a2328afe1c47f3ba') in 0.004130 seconds 
  Import took 0.008274 seconds .

========================================================================
Received Import Request.
  Time since last request: 174.898482 seconds.
  path: Assets/Prefab/Tuiles/COrrect/Tuile Angle V.prefab
  artifactKey: Guid(1dc87e5abb87c2f47948f7c90f3829ea) Importer(815301076,1909f56bfc062723c751e8b465ee728b)
Start importing Assets/Prefab/Tuiles/COrrect/Tuile Angle V.prefab using Guid(1dc87e5abb87c2f47948f7c90f3829ea) Importer(815301076,1909f56bfc062723c751e8b465ee728b)  -> (artifact id: '7721dee09726adafe45f972e7ec3f83f') in 0.024376 seconds 
  Import took 0.028646 seconds .

========================================================================
Received Import Request.
  Time since last request: 27.325123 seconds.
  path: Assets/Prefab/Tuiles/Lambda/Tuile Angle F.prefab
  artifactKey: Guid(0fff1e563f2597248b9374d9f2006c5d) Importer(815301076,1909f56bfc062723c751e8b465ee728b)
Start importing Assets/Prefab/Tuiles/Lambda/Tuile Angle F.prefab using Guid(0fff1e563f2597248b9374d9f2006c5d) Importer(815301076,1909f56bfc062723c751e8b465ee728b)  -> (artifact id: '8f207f8e887a8020aa092abcf22d95f6') in 0.019431 seconds 
  Import took 0.025164 seconds .

========================================================================
Received Import Request.
  Time since last request: 22.236510 seconds.
  path: Assets/Prefab/Tuiles/COrrect/Tuile Angle V.prefab
  artifactKey: Guid(1dc87e5abb87c2f47948f7c90f3829ea) Importer(815301076,1909f56bfc062723c751e8b465ee728b)
Start importing Assets/Prefab/Tuiles/COrrect/Tuile Angle V.prefab using Guid(1dc87e5abb87c2f47948f7c90f3829ea) Importer(815301076,1909f56bfc062723c751e8b465ee728b)  -> (artifact id: 'a4046007fed07e695df31332a39a095d') in 0.023939 seconds 
  Import took 0.028319 seconds .

========================================================================
Received Import Request.
  Time since last request: 2.556185 seconds.
  path: Assets/Prefab/Tuiles/COrrect/Tuile Angle V.prefab
  artifactKey: Guid(1dc87e5abb87c2f47948f7c90f3829ea) Importer(815301076,1909f56bfc062723c751e8b465ee728b)
Start importing Assets/Prefab/Tuiles/COrrect/Tuile Angle V.prefab using Guid(1dc87e5abb87c2f47948f7c90f3829ea) Importer(815301076,1909f56bfc062723c751e8b465ee728b)  -> (artifact id: '616bd504da95a6deb11b1449887ca2c6') in 0.011361 seconds 
  Import took 0.014276 seconds .

========================================================================
Received Import Request.
  Time since last request: 6.270800 seconds.
  path: Assets/Prefab/Tuiles/COrrect/Tuile Angle V 1.prefab
  artifactKey: Guid(d5608f0c102848e4daa9c7bdfab20ad8) Importer(815301076,1909f56bfc062723c751e8b465ee728b)
Start importing Assets/Prefab/Tuiles/COrrect/Tuile Angle V 1.prefab using Guid(d5608f0c102848e4daa9c7bdfab20ad8) Importer(815301076,1909f56bfc062723c751e8b465ee728b)  -> (artifact id: 'c20682f50f3d3afc3ef88b13de711684') in 0.017837 seconds 
  Import took 0.023779 seconds .

========================================================================
Received Import Request.
  Time since last request: 0.471114 seconds.
  path: Assets/Prefab/Tuiles/COrrect/Tuile Angle V 2.prefab
  artifactKey: Guid(c7cdbd0e8a92fb74984677a925a6735f) Importer(815301076,1909f56bfc062723c751e8b465ee728b)
Start importing Assets/Prefab/Tuiles/COrrect/Tuile Angle V 2.prefab using Guid(c7cdbd0e8a92fb74984677a925a6735f) Importer(815301076,1909f56bfc062723c751e8b465ee728b)  -> (artifact id: '48499579de397a302ce34fdac5766f25') in 0.018224 seconds 
  Import took 0.021637 seconds .

========================================================================
Received Import Request.
  Time since last request: 0.533411 seconds.
  path: Assets/Prefab/Tuiles/COrrect/Tuile Angle V 3.prefab
  artifactKey: Guid(4fc1581ea48236b4f99d8cbc621005c2) Importer(815301076,1909f56bfc062723c751e8b465ee728b)
Start importing Assets/Prefab/Tuiles/COrrect/Tuile Angle V 3.prefab using Guid(4fc1581ea48236b4f99d8cbc621005c2) Importer(815301076,1909f56bfc062723c751e8b465ee728b)  -> (artifact id: '966b63c4191cb6cc9e679e02deb8afd0') in 0.013619 seconds 
  Import took 0.017114 seconds .

========================================================================
Received Import Request.
  Time since last request: 5.696222 seconds.
  path: Assets/Prefab/Tuiles/COrrect/Tuile Angle V 3.prefab
  artifactKey: Guid(4fc1581ea48236b4f99d8cbc621005c2) Importer(815301076,1909f56bfc062723c751e8b465ee728b)
Start importing Assets/Prefab/Tuiles/COrrect/Tuile Angle V 3.prefab using Guid(4fc1581ea48236b4f99d8cbc621005c2) Importer(815301076,1909f56bfc062723c751e8b465ee728b)  -> (artifact id: 'd5ff63ac69ca07d5a7bf6ec81ac79657') in 0.008488 seconds 
  Import took 0.013257 seconds .

========================================================================
Received Import Request.
  Time since last request: 37.410401 seconds.
  path: Assets/Prefab/Tuiles/COrrect/Tuile delta V.prefab
  artifactKey: Guid(4fc1581ea48236b4f99d8cbc621005c2) Importer(815301076,1909f56bfc062723c751e8b465ee728b)
Start importing Assets/Prefab/Tuiles/COrrect/Tuile delta V.prefab using Guid(4fc1581ea48236b4f99d8cbc621005c2) Importer(815301076,1909f56bfc062723c751e8b465ee728b)  -> (artifact id: 'e7d18a7f5809d08349584d6e305b8d73') in 0.011248 seconds 
  Import took 0.014716 seconds .

========================================================================
Received Import Request.
  Time since last request: 22.442680 seconds.
  path: Assets/Prefab/Tuiles/COrrect/Tuile Carrefour V.prefab
  artifactKey: Guid(1dc87e5abb87c2f47948f7c90f3829ea) Importer(815301076,1909f56bfc062723c751e8b465ee728b)
Start importing Assets/Prefab/Tuiles/COrrect/Tuile Carrefour V.prefab using Guid(1dc87e5abb87c2f47948f7c90f3829ea) Importer(815301076,1909f56bfc062723c751e8b465ee728b)  -> (artifact id: 'd43f23efaca1cc930dcea4e9b7d4da2b') in 0.012254 seconds 
  Import took 0.017050 seconds .

========================================================================
Received Import Request.
  Time since last request: 2.474540 seconds.
  path: Assets/Prefab/Tuiles/COrrect/Tuile Carrefour V.prefab
  artifactKey: Guid(1dc87e5abb87c2f47948f7c90f3829ea) Importer(815301076,1909f56bfc062723c751e8b465ee728b)
Start importing Assets/Prefab/Tuiles/COrrect/Tuile Carrefour V.prefab using Guid(1dc87e5abb87c2f47948f7c90f3829ea) Importer(815301076,1909f56bfc062723c751e8b465ee728b)  -> (artifact id: 'fb36911b95d857f6580586907fa28eae') in 0.006625 seconds 
  Import took 0.009477 seconds .

========================================================================
Received Import Request.
  Time since last request: 64.532066 seconds.
  path: Assets/FBX/tuileHPDroit.fbx
  artifactKey: Guid(a2c9ca1777e546f49beab70a62287a50) Importer(815301076,1909f56bfc062723c751e8b465ee728b)
Start importing Assets/FBX/tuileHPDroit.fbx using Guid(a2c9ca1777e546f49beab70a62287a50) Importer(815301076,1909f56bfc062723c751e8b465ee728b)  -> (artifact id: '7713524611a3049deb01b2fa23e965f8') in 0.017933 seconds 
  Import took 0.020975 seconds .

========================================================================
Received Import Request.
  Time since last request: 3.368146 seconds.
  path: Assets/Prefab/Tuiles/COrrect/Tuile Carrefour V.prefab
  artifactKey: Guid(1dc87e5abb87c2f47948f7c90f3829ea) Importer(815301076,1909f56bfc062723c751e8b465ee728b)
Start importing Assets/Prefab/Tuiles/COrrect/Tuile Carrefour V.prefab using Guid(1dc87e5abb87c2f47948f7c90f3829ea) Importer(815301076,1909f56bfc062723c751e8b465ee728b)  -> (artifact id: 'ba583c6da4e909264033d1288deb6a7e') in 0.013304 seconds 
  Import took 0.016344 seconds .

========================================================================
Received Import Request.
  Time since last request: 10.292687 seconds.
  path: Assets/Prefab/Tuiles/COrrect/Tuile Droit V.prefab
  artifactKey: Guid(c7cdbd0e8a92fb74984677a925a6735f) Importer(815301076,1909f56bfc062723c751e8b465ee728b)
Start importing Assets/Prefab/Tuiles/COrrect/Tuile Droit V.prefab using Guid(c7cdbd0e8a92fb74984677a925a6735f) Importer(815301076,1909f56bfc062723c751e8b465ee728b)  -> (artifact id: '88bfc81c5d823c18b94fa159164d7ac3') in 0.014165 seconds 
  Import took 0.017406 seconds .

========================================================================
Received Import Request.
  Time since last request: 6.896004 seconds.
  path: Assets/Prefab/Tuiles/COrrect/Tuile Droit V.prefab
  artifactKey: Guid(c7cdbd0e8a92fb74984677a925a6735f) Importer(815301076,1909f56bfc062723c751e8b465ee728b)
Start importing Assets/Prefab/Tuiles/COrrect/Tuile Droit V.prefab using Guid(c7cdbd0e8a92fb74984677a925a6735f) Importer(815301076,1909f56bfc062723c751e8b465ee728b)  -> (artifact id: '3e2a88914b7d222a4c7dde965950269f') in 0.008301 seconds 
  Import took 0.013237 seconds .

========================================================================
Received Import Request.
  Time since last request: 41.412031 seconds.
  path: Assets/Prefab/Tuiles/COrrect/Tuile Droit V.prefab
  artifactKey: Guid(c7cdbd0e8a92fb74984677a925a6735f) Importer(815301076,1909f56bfc062723c751e8b465ee728b)
Start importing Assets/Prefab/Tuiles/COrrect/Tuile Droit V.prefab using Guid(c7cdbd0e8a92fb74984677a925a6735f) Importer(815301076,1909f56bfc062723c751e8b465ee728b)  -> (artifact id: '69fdf7b4ceab355414d2f0872ea63724') in 0.010460 seconds 
  Import took 0.013520 seconds .

